This is XeTeX, Version 3.14159265-2.6-0.99998 (MiKTeX 2.9.6500 64-bit) (preloaded format=xelatex 2018.1.17)  23 FEB 2018 23:46
entering extended mode
**./03_Desarrollo.tex
(03_Desarrollo.tex
LaTeX2e <2017-04-15>
Babel <3.15> and hyphenation patterns for 75 language(s) loaded.
(C:\Users\Wiche\AppData\Roaming\MiKTeX\2.9\tex\latex\subfiles\subfiles.cls
Document Class: subfiles 2012/05/23 Federico Garcia
("C:\Program Files\MiKTeX 2.9\tex\latex\tools\verbatim.sty"
Package: verbatim 2014/10/28 v1.5q LaTeX2e package for verbatim enhancements
\every@verbatim=\toks14
\verbatim@line=\toks15
\verbatim@in@stream=\read1
)
Preamble taken from file `../main.tex'
(../main.tex ("C:\Program Files\MiKTeX 2.9\tex\latex\base\book.cls"
Document Class: book 2014/09/29 v1.4h Standard LaTeX document class
("C:\Program Files\MiKTeX 2.9\tex\latex\base\bk12.clo"
File: bk12.clo 2014/09/29 v1.4h Standard LaTeX file (size option)
)
\c@part=\count79
\c@chapter=\count80
\c@section=\count81
\c@subsection=\count82
\c@subsubsection=\count83
\c@paragraph=\count84
\c@subparagraph=\count85
\c@figure=\count86
\c@table=\count87
\abovecaptionskip=\skip41
\belowcaptionskip=\skip42
\bibindent=\dimen102
) (../preambulo.tex
(C:\Users\Wiche\AppData\Roaming\MiKTeX\2.9\tex\latex\subfiles\subfiles.sty
Package: subfiles 2012/05/23 Federico Garcia
)
("C:\Program Files\MiKTeX 2.9\tex\latex\geometry\geometry.sty"
Package: geometry 2010/09/12 v5.6 Page Geometry

("C:\Program Files\MiKTeX 2.9\tex\latex\graphics\keyval.sty"
Package: keyval 2014/10/28 v1.15 key=value parser (DPC)
\KV@toks@=\toks16
)
("C:\Program Files\MiKTeX 2.9\tex\generic\oberdiek\ifpdf.sty"
Package: ifpdf 2017/03/15 v3.2 Provides the ifpdf switch
)
("C:\Program Files\MiKTeX 2.9\tex\generic\oberdiek\ifvtex.sty"
Package: ifvtex 2016/05/16 v1.6 Detect VTeX and its facilities (HO)
Package ifvtex Info: VTeX not detected.
)
("C:\Program Files\MiKTeX 2.9\tex\generic\ifxetex\ifxetex.sty"
Package: ifxetex 2010/09/12 v0.6 Provides ifxetex conditional
)
\Gm@cnth=\count88
\Gm@cntv=\count89
\c@Gm@tempcnt=\count90
\Gm@bindingoffset=\dimen103
\Gm@wd@mp=\dimen104
\Gm@odd@mp=\dimen105
\Gm@even@mp=\dimen106
\Gm@layoutwidth=\dimen107
\Gm@layoutheight=\dimen108
\Gm@layouthoffset=\dimen109
\Gm@layoutvoffset=\dimen110
\Gm@dimlist=\toks17

("C:\Program Files\MiKTeX 2.9\tex\xelatex\xetexconfig\geometry.cfg"))
(C:\Users\Wiche\AppData\Roaming\MiKTeX\2.9\tex\latex\fancyhdr\fancyhdr.sty
Package: fancyhdr 2017/06/30 v3.9a Extensive control of page headers and footer
s
\f@nch@headwidth=\skip43
\f@nch@O@elh=\skip44
\f@nch@O@erh=\skip45
\f@nch@O@olh=\skip46
\f@nch@O@orh=\skip47
\f@nch@O@elf=\skip48
\f@nch@O@erf=\skip49
\f@nch@O@olf=\skip50
\f@nch@O@orf=\skip51
)

Package Fancyhdr Warning: \fancyfoot's `E' option without twoside option is use
less on input line 25.

("C:\Program Files\MiKTeX 2.9\tex\latex\base\inputenc.sty"
Package: inputenc 2015/03/17 v1.2c Input encoding file
\inpenc@prehook=\toks18
\inpenc@posthook=\toks19


Package inputenc Warning: inputenc package ignored with utf8 based engines.

) ("C:\Program Files\MiKTeX 2.9\tex\generic\babel\babel.sty"
Package: babel 2017/11/03 3.15 The Babel package

("C:\Program Files\MiKTeX 2.9\tex\generic\babel\switch.def"
File: switch.def 2017/11/03 3.15 Babel switching mechanism
)
*************************************
* Local config file bblopts.cfg used
*
(C:\Users\Wiche\AppData\Roaming\MiKTeX\2.9\tex\latex\arabi\bblopts.cfg
File: bblopts.cfg 2005/09/08 v0.1 add Arabic and Farsi to "declared" options of
 babel
)
("C:\Program Files\MiKTeX 2.9\tex\latex\babel-spanish\spanish.ldf"
Language: spanish.ldf 2016/03/03 v5.0p Spanish support from the babel system

("C:\Program Files\MiKTeX 2.9\tex\generic\babel\babel.def"
File: babel.def 2017/11/03 3.15 Babel common definitions

("C:\Program Files\MiKTeX 2.9\tex\generic\babel\switch.def"
File: switch.def 2017/11/03 3.15 Babel switching mechanism
)
\babel@savecnt=\count91
\U@D=\dimen111

("C:\Program Files\MiKTeX 2.9\tex\generic\babel\xebabel.def")
\bbl@dirlevel=\count92
)
\es@quottoks=\toks20
\es@quotdepth=\count93
Package babel Info: Making " an active character on input line 561.
Package babel Info: Making . an active character on input line 662.
Package babel Info: Making < an active character on input line 707.
Package babel Info: Making > an active character on input line 707.
))
("C:\Program Files\MiKTeX 2.9\tex\latex\base\fontenc.sty"
Package: fontenc 2017/04/05 v2.0i Standard LaTeX package

("C:\Program Files\MiKTeX 2.9\tex\latex\base\t1enc.def"
File: t1enc.def 2017/04/05 v2.0i Standard LaTeX file
LaTeX Font Info:    Redeclaring font encoding T1 on input line 48.
)
LaTeX Font Info:    Try loading font information for T1+lmr on input line 105.

("C:\Program Files\MiKTeX 2.9\tex\latex\lm\t1lmr.fd"
File: t1lmr.fd 2009/10/30 v1.6 Font defs for Latin Modern
))
("C:\Program Files\MiKTeX 2.9\tex\latex\amsmath\amsmath.sty"
Package: amsmath 2017/09/02 v2.17a AMS math features
\@mathmargin=\skip52

For additional information on amsmath, use the `?' option.
("C:\Program Files\MiKTeX 2.9\tex\latex\amsmath\amstext.sty"
Package: amstext 2000/06/29 v2.01 AMS text

("C:\Program Files\MiKTeX 2.9\tex\latex\amsmath\amsgen.sty"
File: amsgen.sty 1999/11/30 v2.0 generic functions
\@emptytoks=\toks21
\ex@=\dimen112
))
("C:\Program Files\MiKTeX 2.9\tex\latex\amsmath\amsbsy.sty"
Package: amsbsy 1999/11/29 v1.2d Bold Symbols
\pmbraise@=\dimen113
)
("C:\Program Files\MiKTeX 2.9\tex\latex\amsmath\amsopn.sty"
Package: amsopn 2016/03/08 v2.02 operator names
)
\inf@bad=\count94
LaTeX Info: Redefining \frac on input line 213.
\uproot@=\count95
\leftroot@=\count96
LaTeX Info: Redefining \overline on input line 375.
\classnum@=\count97
\DOTSCASE@=\count98
LaTeX Info: Redefining \ldots on input line 472.
LaTeX Info: Redefining \dots on input line 475.
LaTeX Info: Redefining \cdots on input line 596.
\Mathstrutbox@=\box26
\strutbox@=\box27
\big@size=\dimen114
LaTeX Font Info:    Redeclaring font encoding OML on input line 712.
LaTeX Font Info:    Redeclaring font encoding OMS on input line 713.
\macc@depth=\count99
\c@MaxMatrixCols=\count100
\dotsspace@=\muskip10
\c@parentequation=\count101
\dspbrk@lvl=\count102
\tag@help=\toks22
\row@=\count103
\column@=\count104
\maxfields@=\count105
\andhelp@=\toks23
\eqnshift@=\dimen115
\alignsep@=\dimen116
\tagshift@=\dimen117
\tagwidth@=\dimen118
\totwidth@=\dimen119
\lineht@=\dimen120
\@envbody=\toks24
\multlinegap=\skip53
\multlinetaggap=\skip54
\mathdisplay@stack=\toks25
LaTeX Info: Redefining \[ on input line 2817.
LaTeX Info: Redefining \] on input line 2818.
)
("C:\Program Files\MiKTeX 2.9\tex\latex\amsfonts\amssymb.sty"
Package: amssymb 2013/01/14 v3.01 AMS font symbols

("C:\Program Files\MiKTeX 2.9\tex\latex\amsfonts\amsfonts.sty"
Package: amsfonts 2013/01/14 v3.01 Basic AMSFonts support
\symAMSa=\mathgroup4
\symAMSb=\mathgroup5
LaTeX Font Info:    Overwriting math alphabet `\mathfrak' in version `bold'
(Font)                  U/euf/m/n --> U/euf/b/n on input line 106.
))
(C:\Users\Wiche\AppData\Roaming\MiKTeX\2.9\tex\latex\was\gensymb.sty
Package: gensymb 2003/07/02 v1.0 (WaS)
)
("C:\Program Files\MiKTeX 2.9\tex\latex\psnfss\times.sty"
Package: times 2005/04/12 PSNFSS-v9.2a (SPQR) 
)
(C:\Users\Wiche\AppData\Roaming\MiKTeX\2.9\tex\latex\setspace\setspace.sty
Package: setspace 2011/12/19 v6.7a set line spacing
)
("C:\Program Files\MiKTeX 2.9\tex\latex\tools\enumerate.sty"
Package: enumerate 2015/07/23 v3.00 enumerate extensions (DPC)
\@enLab=\toks26
)
("C:\Program Files\MiKTeX 2.9\tex\latex\graphics\color.sty"
Package: color 2016/07/10 v1.1e Standard LaTeX Color (DPC)

("C:\Program Files\MiKTeX 2.9\tex\latex\graphics-cfg\color.cfg"
File: color.cfg 2016/01/02 v1.6 sample color configuration
)
Package color Info: Driver file: xetex.def on input line 147.

("C:\Program Files\MiKTeX 2.9\tex\latex\graphics-def\xetex.def"
File: xetex.def 2017/06/24 v5.0h Graphics/color driver for xetex
))
("C:\Program Files\MiKTeX 2.9\tex\latex\hyperref\hyperref.sty"
Package: hyperref 2017/03/14 v6.85a Hypertext links for LaTeX

("C:\Program Files\MiKTeX 2.9\tex\generic\oberdiek\hobsub-hyperref.sty"
Package: hobsub-hyperref 2016/05/16 v1.14 Bundle oberdiek, subset hyperref (HO)


("C:\Program Files\MiKTeX 2.9\tex\generic\oberdiek\hobsub-generic.sty"
Package: hobsub-generic 2016/05/16 v1.14 Bundle oberdiek, subset generic (HO)
Package: hobsub 2016/05/16 v1.14 Construct package bundles (HO)
Package: infwarerr 2016/05/16 v1.4 Providing info/warning/error messages (HO)
Package: ltxcmds 2016/05/16 v1.23 LaTeX kernel commands for general use (HO)
Package: ifluatex 2016/05/16 v1.4 Provides the ifluatex switch (HO)
Package ifluatex Info: LuaTeX not detected.
Package hobsub Info: Skipping package `ifvtex' (already loaded).
Package: intcalc 2016/05/16 v1.2 Expandable calculations with integers (HO)
Package hobsub Info: Skipping package `ifpdf' (already loaded).
Package: etexcmds 2016/05/16 v1.6 Avoid name clashes with e-TeX commands (HO)
Package etexcmds Info: Could not find \expanded.
(etexcmds)             That can mean that you are not using pdfTeX 1.50 or
(etexcmds)             that some package has redefined \expanded.
(etexcmds)             In the latter case, load this package earlier.
Package: kvsetkeys 2016/05/16 v1.17 Key value parser (HO)
Package: kvdefinekeys 2016/05/16 v1.4 Define keys (HO)
Package: pdftexcmds 2017/03/19 v0.25 Utility functions of pdfTeX for LuaTeX (HO
)
Package pdftexcmds Info: LuaTeX not detected.
Package pdftexcmds Info: pdfTeX >= 1.30 not detected.
Package pdftexcmds Info: \pdf@primitive is available.
Package pdftexcmds Info: \pdf@ifprimitive is available.
Package pdftexcmds Info: \pdfdraftmode not found.
Package: pdfescape 2016/05/16 v1.14 Implements pdfTeX's escape features (HO)
Package: bigintcalc 2016/05/16 v1.4 Expandable calculations on big integers (HO
)
Package: bitset 2016/05/16 v1.2 Handle bit-vector datatype (HO)
Package: uniquecounter 2016/05/16 v1.3 Provide unlimited unique counter (HO)
)
Package hobsub Info: Skipping package `hobsub' (already loaded).
Package: letltxmacro 2016/05/16 v1.5 Let assignment for LaTeX macros (HO)
Package: hopatch 2016/05/16 v1.3 Wrapper for package hooks (HO)
Package: xcolor-patch 2016/05/16 xcolor patch
Package: atveryend 2016/05/16 v1.9 Hooks at the very end of document (HO)
Package: atbegshi 2016/06/09 v1.18 At begin shipout hook (HO)
Package: refcount 2016/05/16 v3.5 Data extraction from label references (HO)
Package: hycolor 2016/05/16 v1.8 Color options for hyperref/bookmark (HO)
)
("C:\Program Files\MiKTeX 2.9\tex\latex\oberdiek\auxhook.sty"
Package: auxhook 2016/05/16 v1.4 Hooks for auxiliary files (HO)


Package auxhook Warning: Cannot patch \document,
(auxhook)                using \AtBeginDocument instead.

) ("C:\Program Files\MiKTeX 2.9\tex\latex\oberdiek\kvoptions.sty"
Package: kvoptions 2016/05/16 v3.12 Key value format for package options (HO)
)
\@linkdim=\dimen121
\Hy@linkcounter=\count106
\Hy@pagecounter=\count107

("C:\Program Files\MiKTeX 2.9\tex\latex\hyperref\pd1enc.def"
File: pd1enc.def 2017/03/14 v6.85a Hyperref: PDFDocEncoding definition (HO)
)
\Hy@SavedSpaceFactor=\count108

("C:\Program Files\MiKTeX 2.9\tex\latex\00miktex\hyperref.cfg"
File: hyperref.cfg 2002/06/06 v1.2 hyperref configuration of TeXLive
)
Package hyperref Info: Option `colorlinks' set `true' on input line 4374.
Package hyperref Info: Option `hyperindex' set `true' on input line 4374.
Package hyperref Info: Hyper figures OFF on input line 4498.
Package hyperref Info: Link nesting OFF on input line 4503.
Package hyperref Info: Hyper index ON on input line 4506.
Package hyperref Info: Plain pages OFF on input line 4513.
Package hyperref Info: Backreferencing ON on input line 4516.
Package hyperref Info: Implicit mode ON; LaTeX internals redefined.
Package hyperref Info: Bookmarks ON on input line 4751.

("C:\Program Files\MiKTeX 2.9\tex\latex\hyperref\backref.sty"
Package: backref 2016/05/21 v1.39 Bibliographical back referencing

("C:\Program Files\MiKTeX 2.9\tex\latex\oberdiek\rerunfilecheck.sty"
Package: rerunfilecheck 2016/05/16 v1.8 Rerun checks for auxiliary files (HO)
Package rerunfilecheck Info: Feature \pdfmdfivesum is not available
(rerunfilecheck)             (e.g. pdfTeX or LuaTeX with package `pdftexcmds').

(rerunfilecheck)             Therefore file contents cannot be checked efficien
tly
(rerunfilecheck)             and the loading of the package is aborted.
))
\c@Hy@tempcnt=\count109

(C:\Users\Wiche\AppData\Roaming\MiKTeX\2.9\tex\latex\url\url.sty
\Urlmuskip=\muskip11
Package: url 2013/09/16  ver 3.4  Verb mode for urls, etc.
)
LaTeX Info: Redefining \url on input line 5104.
\XeTeXLinkMargin=\dimen122
\Fld@menulength=\count110
\Field@Width=\dimen123
\Fld@charsize=\dimen124
Package hyperref Info: Hyper figures OFF on input line 6358.
Package hyperref Info: Link nesting OFF on input line 6363.
Package hyperref Info: Hyper index ON on input line 6366.
Package hyperref Info: backreferencing ON on input line 6371.
Package hyperref Info: Link coloring ON on input line 6376.
Package hyperref Info: Link coloring with OCG OFF on input line 6383.
Package hyperref Info: PDF/A mode OFF on input line 6388.
LaTeX Info: Redefining \ref on input line 6428.
LaTeX Info: Redefining \pageref on input line 6432.
\Hy@abspage=\count111
\c@Item=\count112
\c@Hfootnote=\count113
)

Package hyperref Message: Driver (autodetected): hxetex.

("C:\Program Files\MiKTeX 2.9\tex\latex\hyperref\hxetex.def"
File: hxetex.def 2017/03/14 v6.85a Hyperref driver for XeTeX

("C:\Program Files\MiKTeX 2.9\tex\latex\hyperref\puenc.def"
File: puenc.def 2017/03/14 v6.85a Hyperref: PDF Unicode definition (HO)
)
("C:\Program Files\MiKTeX 2.9\tex\generic\oberdiek\stringenc.sty"
Package: stringenc 2016/05/16 v1.11 Convert strings between diff. encodings (HO
)
)
\pdfm@box=\box28
\c@Hy@AnnotLevel=\count114
\HyField@AnnotCount=\count115
\Fld@listcount=\count116
\c@bookmark@seq@number=\count117
\Hy@SectionHShift=\skip55
)
(C:\Users\Wiche\AppData\Roaming\MiKTeX\2.9\tex\latex\framed\framed.sty
Package: framed 2011/10/22 v 0.96: framed or shaded text with page breaks
\OuterFrameSep=\skip56
\fb@frw=\dimen125
\fb@frh=\dimen126
\FrameRule=\dimen127
\FrameSep=\dimen128
)
(C:\Users\Wiche\AppData\Roaming\MiKTeX\2.9\tex\latex\eso-pic\eso-pic.sty
Package: eso-pic 2015/07/21 v2.0g eso-pic (RN)
)
("C:\Program Files\MiKTeX 2.9\tex\latex\graphics\graphicx.sty"
Package: graphicx 2017/06/01 v1.1a Enhanced LaTeX Graphics (DPC,SPQR)

("C:\Program Files\MiKTeX 2.9\tex\latex\graphics\graphics.sty"
Package: graphics 2017/06/25 v1.2c Standard LaTeX Graphics (DPC,SPQR)

("C:\Program Files\MiKTeX 2.9\tex\latex\graphics\trig.sty"
Package: trig 2016/01/03 v1.10 sin cos tan (DPC)
)
("C:\Program Files\MiKTeX 2.9\tex\latex\graphics-cfg\graphics.cfg"
File: graphics.cfg 2016/06/04 v1.11 sample graphics configuration
)
Package graphics Info: Driver file: xetex.def on input line 99.
)
\Gin@req@height=\dimen129
\Gin@req@width=\dimen130
)
("C:\Program Files\MiKTeX 2.9\tex\latex\float\float.sty"
Package: float 2001/11/08 v1.3d Float enhancements (AL)
\c@float@type=\count118
\float@exts=\toks27
\float@box=\box29
\@float@everytoks=\toks28
\@floatcapt=\box30
)
(C:\Users\Wiche\AppData\Roaming\MiKTeX\2.9\tex\latex\listings\listings.sty
\lst@mode=\count119
\lst@gtempboxa=\box31
\lst@token=\toks29
\lst@length=\count120
\lst@currlwidth=\dimen131
\lst@column=\count121
\lst@pos=\count122
\lst@lostspace=\dimen132
\lst@width=\dimen133
\lst@newlines=\count123
\lst@lineno=\count124
\lst@maxwidth=\dimen134

(C:\Users\Wiche\AppData\Roaming\MiKTeX\2.9\tex\latex\listings\lstmisc.sty
File: lstmisc.sty 2015/06/04 1.6 (Carsten Heinz)
\c@lstnumber=\count125
\lst@skipnumbers=\count126
\lst@framebox=\box32
)
(C:\Users\Wiche\AppData\Roaming\MiKTeX\2.9\tex\latex\listings\listings.cfg
File: listings.cfg 2015/06/04 1.6 listings configuration
))
Package: listings 2015/06/04 1.6 (Carsten Heinz)

(C:\Users\Wiche\AppData\Roaming\MiKTeX\2.9\tex\latex\caption\caption.sty
Package: caption 2016/02/21 v3.3-144 Customizing captions (AR)

(C:\Users\Wiche\AppData\Roaming\MiKTeX\2.9\tex\latex\caption\caption3.sty
Package: caption3 2016/05/22 v1.7-166 caption3 kernel (AR)
Package caption3 Info: TeX engine: e-TeX on input line 67.
\captionmargin=\dimen135
\captionmargin@=\dimen136
\captionwidth=\dimen137
\caption@tempdima=\dimen138
\caption@indent=\dimen139
\caption@parindent=\dimen140
\caption@hangindent=\dimen141
)
\c@ContinuedFloat=\count127
Package caption Info: float package is loaded.
Package caption Info: hyperref package is loaded.
Package caption Info: listings package is loaded.
)
(C:\Users\Wiche\AppData\Roaming\MiKTeX\2.9\tex\latex\subfig\subfig.sty
Package: subfig 2005/06/28 ver: 1.3 subfig package
\c@KVtest=\count128
\sf@farskip=\skip57
\sf@captopadj=\dimen142
\sf@capskip=\skip58
\sf@nearskip=\skip59
\c@subfigure=\count129
\c@subfigure@save=\count130
\c@lofdepth=\count131
\c@subtable=\count132
\c@subtable@save=\count133
\c@lotdepth=\count134
\sf@top=\skip60
\sf@bottom=\skip61
)
("C:\Program Files\MiKTeX 2.9\tex\latex\tools\array.sty"
Package: array 2016/10/06 v2.4d Tabular extension package (FMi)
\col@sep=\dimen143
\extrarowheight=\dimen144
\NC@list=\toks30
\extratabsurround=\skip62
\backup@length=\skip63
)
("C:\Program Files\MiKTeX 2.9\tex\latex\tools\longtable.sty"
Package: longtable 2014/10/28 v4.11 Multi-page Table package (DPC)
\LTleft=\skip64
\LTright=\skip65
\LTpre=\skip66
\LTpost=\skip67
\LTchunksize=\count135
\LTcapwidth=\dimen145
\LT@head=\box33
\LT@firsthead=\box34
\LT@foot=\box35
\LT@lastfoot=\box36
\LT@cols=\count136
\LT@rows=\count137
\c@LT@tables=\count138
\c@LT@chunks=\count139
\LT@p@ftn=\toks31
)
("C:\Program Files\MiKTeX 2.9\tex\latex\multirow\multirow.sty"
Package: multirow 2016/11/25 v2.2 Span multiple rows of a table
\multirow@colwidth=\skip68
\multirow@cntb=\count140
\multirow@dima=\skip69
\bigstrutjot=\dimen146
)
("C:\Program Files\MiKTeX 2.9\tex\latex\tools\multicol.sty"
Package: multicol 2017/04/11 v1.8q multicolumn formatting (FMi)
\c@tracingmulticols=\count141
\mult@box=\box37
\multicol@leftmargin=\dimen147
\c@unbalance=\count142
\c@collectmore=\count143
\doublecol@number=\count144
\multicoltolerance=\count145
\multicolpretolerance=\count146
\full@width=\dimen148
\page@free=\dimen149
\premulticols=\dimen150
\postmulticols=\dimen151
\multicolsep=\skip70
\multicolbaselineskip=\skip71
\partial@page=\box38
\last@line=\box39
\maxbalancingoverflow=\dimen152
\mult@rightbox=\box40
\mult@grightbox=\box41
\mult@gfirstbox=\box42
\mult@firstbox=\box43
\@tempa=\box44
\@tempa=\box45
\@tempa=\box46
\@tempa=\box47
\@tempa=\box48
\@tempa=\box49
\@tempa=\box50
\@tempa=\box51
\@tempa=\box52
\@tempa=\box53
\@tempa=\box54
\@tempa=\box55
\@tempa=\box56
\@tempa=\box57
\@tempa=\box58
\@tempa=\box59
\@tempa=\box60
\c@columnbadness=\count147
\c@finalcolumnbadness=\count148
\last@try=\dimen153
\multicolovershoot=\dimen154
\multicolundershoot=\dimen155
\mult@nat@firstbox=\box61
\colbreak@box=\box62
\mc@col@check@num=\count149
)
("C:\Program Files\MiKTeX 2.9\tex\latex\tools\tabularx.sty"
Package: tabularx 2016/02/03 v2.11 `tabularx' package (DPC)
\TX@col@width=\dimen156
\TX@old@table=\dimen157
\TX@old@col=\dimen158
\TX@target=\dimen159
\TX@delta=\dimen160
\TX@cols=\count150
\TX@ftn=\toks32
)
(C:\Users\Wiche\AppData\Roaming\MiKTeX\2.9\tex\latex\colortbl\colortbl.sty
Package: colortbl 2012/02/13 v1.0a Color table columns (DPC)
\everycr=\toks33
\minrowclearance=\skip72
)
(C:\Users\Wiche\AppData\Roaming\MiKTeX\2.9\tex\latex\appendix\appendix.sty
Package: appendix 2009/09/02 v1.2b extra appendix facilities
\c@@pps=\count151
\c@@ppsavesec=\count152
\c@@ppsaveapp=\count153
)
(C:\Users\Wiche\AppData\Roaming\MiKTeX\2.9\tex\latex\babelbib\babelbib.sty
Package: babelbib 2012/01/03 v1.31 babelbib: multilingual bibliographies (HH)
\c@btxromaniannumeral=\count154
)
("C:\Program Files\MiKTeX 2.9\tex\latex\oberdiek\bookmark.sty"
Package: bookmark 2016/05/17 v1.26 PDF bookmarks (HO)

("C:\Program Files\MiKTeX 2.9\tex\latex\oberdiek\bkm-dvipdfm.def"
File: bkm-dvipdfm.def 2016/05/17 v1.26 bookmark driver for dvipdfm (HO)
\BKM@id=\count155
))
(C:\Users\Wiche\AppData\Roaming\MiKTeX\2.9\tex\latex\l3packages\xparse\xparse.s
ty (C:\Users\Wiche\AppData\Roaming\MiKTeX\2.9\tex\latex\l3kernel\expl3.sty
Package: expl3 2017/11/14 L3 programming layer (loader) 

(C:\Users\Wiche\AppData\Roaming\MiKTeX\2.9\tex\latex\l3kernel\expl3-code.tex
Package: expl3 2017/11/14 L3 programming layer (code)
\c_max_int=\count156
\l_tmpa_int=\count157
\l_tmpb_int=\count158
\g_tmpa_int=\count159
\g_tmpb_int=\count160
\g__intarray_font_int=\count161
\g__prg_map_int=\count162
\c_log_iow=\count163
\l_iow_line_count_int=\count164
\l__iow_line_target_int=\count165
\l__iow_one_indent_int=\count166
\l__iow_indent_int=\count167
\c_zero_dim=\dimen161
\c_max_dim=\dimen162
\l_tmpa_dim=\dimen163
\l_tmpb_dim=\dimen164
\g_tmpa_dim=\dimen165
\g_tmpb_dim=\dimen166
\c_zero_skip=\skip73
\c_max_skip=\skip74
\l_tmpa_skip=\skip75
\l_tmpb_skip=\skip76
\g_tmpa_skip=\skip77
\g_tmpb_skip=\skip78
\c_zero_muskip=\muskip12
\c_max_muskip=\muskip13
\l_tmpa_muskip=\muskip14
\l_tmpb_muskip=\muskip15
\g_tmpa_muskip=\muskip16
\g_tmpb_muskip=\muskip17
\l_keys_choice_int=\count168
\c__fp_leading_shift_int=\count169
\c__fp_middle_shift_int=\count170
\c__fp_trailing_shift_int=\count171
\c__fp_big_leading_shift_int=\count172
\c__fp_big_middle_shift_int=\count173
\c__fp_big_trailing_shift_int=\count174
\c__fp_Bigg_leading_shift_int=\count175
\c__fp_Bigg_middle_shift_int=\count176
\c__fp_Bigg_trailing_shift_int=\count177
\l__sort_length_int=\count178
\l__sort_min_int=\count179
\l__sort_top_int=\count180
\l__sort_max_int=\count181
\l__sort_true_max_int=\count182
\l__sort_block_int=\count183
\l__sort_begin_int=\count184
\l__sort_end_int=\count185
\l__sort_A_int=\count186
\l__sort_B_int=\count187
\l__sort_C_int=\count188
\l__tl_build_start_index_int=\count189
\l__tl_build_index_int=\count190
\l__tl_analysis_normal_int=\count191
\l__tl_analysis_index_int=\count192
\l__tl_analysis_nesting_int=\count193
\l__tl_analysis_type_int=\count194
\l__regex_internal_a_int=\count195
\l__regex_internal_b_int=\count196
\l__regex_internal_c_int=\count197
\l__regex_balance_int=\count198
\l__regex_group_level_int=\count199
\l__regex_mode_int=\count266
\c__regex_cs_in_class_mode_int=\count267
\c__regex_cs_mode_int=\count268
\l__regex_catcodes_int=\count269
\l__regex_default_catcodes_int=\count270
\c__regex_catcode_L_int=\count271
\c__regex_catcode_O_int=\count272
\c__regex_catcode_A_int=\count273
\c__regex_all_catcodes_int=\count274
\l__regex_show_lines_int=\count275
\l__regex_min_state_int=\count276
\l__regex_max_state_int=\count277
\l__regex_left_state_int=\count278
\l__regex_right_state_int=\count279
\l__regex_capturing_group_int=\count280
\l__regex_min_pos_int=\count281
\l__regex_max_pos_int=\count282
\l__regex_curr_pos_int=\count283
\l__regex_start_pos_int=\count284
\l__regex_success_pos_int=\count285
\l__regex_curr_char_int=\count286
\l__regex_curr_catcode_int=\count287
\l__regex_last_char_int=\count288
\l__regex_case_changed_char_int=\count289
\l__regex_curr_state_int=\count290
\l__regex_step_int=\count291
\l__regex_min_active_int=\count292
\l__regex_max_active_int=\count293
\l__regex_replacement_csnames_int=\count294
\l__regex_match_count_int=\count295
\l__regex_min_submatch_int=\count296
\l__regex_submatch_int=\count297
\l__regex_zeroth_submatch_int=\count298
\g__debug_trace_regex_int=\count299
\c_empty_box=\box63
\l_tmpa_box=\box64
\l_tmpb_box=\box65
\g_tmpa_box=\box66
\g_tmpb_box=\box67
\l__box_top_dim=\dimen167
\l__box_bottom_dim=\dimen168
\l__box_left_dim=\dimen169
\l__box_right_dim=\dimen170
\l__box_top_new_dim=\dimen171
\l__box_bottom_new_dim=\dimen172
\l__box_left_new_dim=\dimen173
\l__box_right_new_dim=\dimen174
\l__box_internal_box=\box68
\l__coffin_internal_box=\box69
\l__coffin_internal_dim=\dimen175
\l__coffin_offset_x_dim=\dimen176
\l__coffin_offset_y_dim=\dimen177
\l__coffin_x_dim=\dimen178
\l__coffin_y_dim=\dimen179
\l__coffin_x_prime_dim=\dimen180
\l__coffin_y_prime_dim=\dimen181
\c_empty_coffin=\box70
\l__coffin_aligned_coffin=\box71
\l__coffin_aligned_internal_coffin=\box72
\l_tmpa_coffin=\box73
\l_tmpb_coffin=\box74
\l__coffin_display_coffin=\box75
\l__coffin_display_coord_coffin=\box76
\l__coffin_display_pole_coffin=\box77
\l__coffin_display_offset_dim=\dimen182
\l__coffin_display_x_dim=\dimen183
\l__coffin_display_y_dim=\dimen184
\l__coffin_bounding_shift_dim=\dimen185
\l__coffin_left_corner_dim=\dimen186
\l__coffin_right_corner_dim=\dimen187
\l__coffin_bottom_corner_dim=\dimen188
\l__coffin_top_corner_dim=\dimen189
\l__coffin_scaled_total_height_dim=\dimen190
\l__coffin_scaled_width_dim=\dimen191
)
(C:\Users\Wiche\AppData\Roaming\MiKTeX\2.9\tex\latex\l3kernel\l3xdvipdfmx.def
File: l3xdvidpfmx.def 2017/03/18 v L3 Experimental driver: xdvipdfmx
\g__driver_image_int=\count300
\l__driver_tmp_box=\box78
))
Package: xparse 2017/11/14 L3 Experimental document command parser
\l__xparse_current_arg_int=\count301
\g__xparse_grabber_int=\count302
\l__xparse_m_args_int=\count303
\l__xparse_mandatory_args_int=\count304
\l__xparse_v_nesting_int=\count305
)
(C:\Users\Wiche\AppData\Roaming\MiKTeX\2.9\tex\latex\glossaries\base\glossaries
.sty
Package: glossaries 2017/11/14 v4.35 (NLCT)
 ("C:\Program Files\MiKTeX 2.9\tex\latex\base\ifthen.sty"
Package: ifthen 2014/09/29 v1.1c Standard LaTeX ifthen package (DPC)
)
("C:\Program Files\MiKTeX 2.9\tex\latex\xkeyval\xkeyval.sty"
Package: xkeyval 2014/12/03 v2.7a package option processing (HA)

("C:\Program Files\MiKTeX 2.9\tex\generic\xkeyval\xkeyval.tex"
("C:\Program Files\MiKTeX 2.9\tex\generic\xkeyval\xkvutils.tex"
\XKV@toks=\toks34
\XKV@tempa@toks=\toks35
)
\XKV@depth=\count306
File: xkeyval.tex 2014/12/03 v2.7a key=value parser (HA)
))
(C:\Users\Wiche\AppData\Roaming\MiKTeX\2.9\tex\latex\mfirstuc\mfirstuc.sty
Package: mfirstuc 2017/11/14 v2.06 (NLCT)

(C:\Users\Wiche\AppData\Roaming\MiKTeX\2.9\tex\latex\etoolbox\etoolbox.sty
Package: etoolbox 2017/01/02 v2.4 e-TeX tools for LaTeX (JAW)
\etb@tempcnta=\count307
)
\@glsmfirst=\toks36
\@glsmrest=\toks37
)
(C:\Users\Wiche\AppData\Roaming\MiKTeX\2.9\tex\latex\textcase\textcase.sty
Package: textcase 2004/10/07 v0.07 Text only upper/lower case changing (DPC)
)
(C:\Users\Wiche\AppData\Roaming\MiKTeX\2.9\tex\latex\xfor\xfor.sty
Package: xfor 2009/02/05 v1.05 (NLCT)
)
(C:\Users\Wiche\AppData\Roaming\MiKTeX\2.9\tex\latex\datatool\datatool-base.sty
Package: datatool-base 2017/11/12 v2.29 (NLCT)
(C:\Users\Wiche\AppData\Roaming\MiKTeX\2.9\tex\latex\substr\substr.sty
Package: substr 2009/10/20 v1.2 Handle substrings
\c@su@anzahl=\count308
)
(C:\Users\Wiche\AppData\Roaming\MiKTeX\2.9\tex\latex\datatool\datatool-fp.sty
Package: datatool-fp 2017/11/12 v2.29 (NLCT)

(C:\Users\Wiche\AppData\Roaming\MiKTeX\2.9\tex\latex\fp\fp.sty
Package: fp 1995/04/02

`Fixed Point Package', Version 0.8, April 2, 1995 (C) Michael Mehlich
(C:\Users\Wiche\AppData\Roaming\MiKTeX\2.9\tex\latex\fp\defpattern.sty
Package: defpattern 1994/10/12
\actioncount=\count309
)
(C:\Users\Wiche\AppData\Roaming\MiKTeX\2.9\tex\latex\fp\fp-basic.sty
Package: fp-basic 1996/05/13
\FP@xs=\count310
\FP@xia=\count311
\FP@xib=\count312
\FP@xfa=\count313
\FP@xfb=\count314
\FP@rega=\count315
\FP@regb=\count316
\FP@regs=\count317
\FP@times=\count318
)
(C:\Users\Wiche\AppData\Roaming\MiKTeX\2.9\tex\latex\fp\fp-addons.sty
Package: fp-addons 1995/03/15
)
(C:\Users\Wiche\AppData\Roaming\MiKTeX\2.9\tex\latex\fp\fp-snap.sty
Package: fp-snap 1995/04/05
)
(C:\Users\Wiche\AppData\Roaming\MiKTeX\2.9\tex\latex\fp\fp-exp.sty
Package: fp-exp 1995/04/03
)
(C:\Users\Wiche\AppData\Roaming\MiKTeX\2.9\tex\latex\fp\fp-trigo.sty
Package: fp-trigo 1995/04/14
)
(C:\Users\Wiche\AppData\Roaming\MiKTeX\2.9\tex\latex\fp\fp-pas.sty
Package: fp-pas 1994/08/29
)
(C:\Users\Wiche\AppData\Roaming\MiKTeX\2.9\tex\latex\fp\fp-random.sty
Package: fp-random 1995/02/23
\FPseed=\count319
)
(C:\Users\Wiche\AppData\Roaming\MiKTeX\2.9\tex\latex\fp\fp-eqn.sty
Package: fp-eqn 1995/04/03
)
(C:\Users\Wiche\AppData\Roaming\MiKTeX\2.9\tex\latex\fp\fp-upn.sty
Package: fp-upn 1996/10/21
)
(C:\Users\Wiche\AppData\Roaming\MiKTeX\2.9\tex\latex\fp\fp-eval.sty
Package: fp-eval 1995/04/03
)))
\@dtl@toks=\toks38
\@dtl@tmpcount=\count320
\dtl@tmplength=\skip79
\dtl@sortresult=\count321
\@dtl@numgrpsepcount=\count322
\@dtl@datatype=\count323
\dtl@codeA=\count324
\dtl@codeB=\count325
\@dtl@foreach@level=\count326
)
(C:\Users\Wiche\AppData\Roaming\MiKTeX\2.9\tex\latex\glossaries\base\glossaries
-compatible-307.sty
Package: glossaries-compatible-307 2017/11/14 v4.35 (NLCT)
)
(C:\Users\Wiche\AppData\Roaming\MiKTeX\2.9\tex\latex\tracklang\tracklang.sty
Package: tracklang 2017/03/25 v1.3.4 (NLCT) Track Languages

(C:\Users\Wiche\AppData\Roaming\MiKTeX\2.9\tex\generic\tracklang\tracklang.tex)
)
(C:\Users\Wiche\AppData\Roaming\MiKTeX\2.9\tex\latex\beamer\translator\translat
or.sty
Package: translator 2010/06/12 ver 1.10

(C:\Users\Wiche\AppData\Roaming\MiKTeX\2.9\tex\latex\beamer\translator\translat
or-language-mappings.tex))
(C:\Users\Wiche\AppData\Roaming\MiKTeX\2.9\tex\latex\glossaries-spanish\glossar
ies-spanish.ldf
File: glossaries-spanish.ldf 2014/11/23 v1.0

(C:\Users\Wiche\AppData\Roaming\MiKTeX\2.9\tex\latex\glossaries-spanish\glossar
ies-spanish-utf8.ldf))
\gls@level=\count327
\@gls@tmpb=\toks39
\gls@tmplen=\skip80
\glskeylisttok=\toks40
\glslabeltok=\toks41
\glsshorttok=\toks42
\glslongtok=\toks43

(C:\Users\Wiche\AppData\Roaming\MiKTeX\2.9\tex\latex\glossaries\styles\glossary
-hypernav.sty
Package: glossary-hypernav 2017/11/14 v4.35 (NLCT)
)
(C:\Users\Wiche\AppData\Roaming\MiKTeX\2.9\tex\latex\glossaries\styles\glossary
-list.sty
Package: glossary-list 2017/11/14 v4.35 (NLCT)
\glslistdottedwidth=\skip81
)
(C:\Users\Wiche\AppData\Roaming\MiKTeX\2.9\tex\latex\glossaries\styles\glossary
-long.sty
Package: glossary-long 2017/11/14 v4.35 (NLCT)
\glsdescwidth=\skip82
\glspagelistwidth=\skip83
)
(C:\Users\Wiche\AppData\Roaming\MiKTeX\2.9\tex\latex\glossaries\styles\glossary
-super.sty
Package: glossary-super 2017/11/14 v4.35 (NLCT)

(C:\Users\Wiche\AppData\Roaming\MiKTeX\2.9\tex\latex\supertabular\supertabular.
sty
Package: supertabular 2004/02/20 v4.1e the supertabular environment
\c@tracingst=\count328
\ST@wd=\dimen192
\ST@rightskip=\skip84
\ST@leftskip=\skip85
\ST@parfillskip=\skip86
\ST@pageleft=\dimen193
\ST@headht=\dimen194
\ST@tailht=\dimen195
\ST@pagesofar=\dimen196
\ST@pboxht=\dimen197
\ST@lineht=\dimen198
\ST@stretchht=\dimen199
\ST@prevht=\dimen256
\ST@toadd=\dimen257
\ST@dimen=\dimen258
\ST@pbox=\box79
))
(C:\Users\Wiche\AppData\Roaming\MiKTeX\2.9\tex\latex\glossaries\styles\glossary
-tree.sty
Package: glossary-tree 2017/11/14 v4.35 (NLCT)
\glstreeindent=\skip87
))
\glswrite=\write3
\glo@main@file=\write4
\openout4 = `03_Desarrollo.glo'.

Package glossaries Info: Writing glossary file 03_Desarrollo.glo on input line 
257.
\glo@acronym@file=\write5
\openout5 = `03_Desarrollo.acn'.

Package glossaries Info: Writing glossary file 03_Desarrollo.acn on input line 
257.
 (../Glosario.tex)
(C:\Users\Wiche\AppData\Roaming\MiKTeX\2.9\tex\latex\blindtext\blindtext.sty
Package: blindtext 2012/01/06 V2.0 blindtext-Package

("C:\Program Files\MiKTeX 2.9\tex\latex\tools\xspace.sty"
Package: xspace 2014/10/28 v1.13 Space after command names (DPC,MH)
)
\c@blindtext=\count329
\c@Blindtext=\count330
\c@blind@countparstart=\count331
\blind@countxx=\count332
\blindtext@numBlindtext=\count333
\blind@countyy=\count334
\c@blindlist=\count335
\c@blindlistlevel=\count336
\c@blindlist@level=\count337
\blind@listitem=\count338
\c@blind@listcount=\count339
\c@blind@levelcount=\count340
\blind@mathformula=\count341
\blind@Mathformula=\count342
\c@blind@randomcount=\count343
\c@blind@randommax=\count344
\c@blind@pangramcount=\count345
\c@blind@pangrammax=\count346
)
("C:\Program Files\MiKTeX 2.9\tex\latex\graphics\lscape.sty"
Package: lscape 2000/10/22 v3.01 Landscape Pages (DPC)
)
("C:\Program Files\MiKTeX 2.9\tex\latex\base\alltt.sty"
Package: alltt 1997/06/16 v2.0g defines alltt environment
)
(C:\Users\Wiche\AppData\Roaming\MiKTeX\2.9\tex\latex\soul\soul.sty
Package: soul 2003/11/17 v2.4 letterspacing/underlining (mf)
\SOUL@word=\toks44
\SOUL@lasttoken=\toks45
\SOUL@cmds=\toks46
\SOUL@buffer=\toks47
\SOUL@token=\toks48
\SOUL@spaceskip=\skip88
\SOUL@ttwidth=\dimen259
\SOUL@uldp=\dimen260
\SOUL@ulht=\dimen261
))
("C:\Program Files\MiKTeX 2.9\tex\latex\tools\xr.sty"
Package: xr 1994/05/28 v5.02 eXternal References (DPC)
)))

LaTeX Warning: Unused global option(s):
    [reqno].

(03_Desarrollo.aux
LaTeX Info: Redefining \. on input line 30.
LaTeX Info: Redefining \% on input line 30.
)
\openout1 = `03_Desarrollo.aux'.

LaTeX Font Info:    Checking defaults for OML/cmm/m/it on input line 10.
LaTeX Font Info:    ... okay on input line 10.
LaTeX Font Info:    Checking defaults for T1/cmr/m/n on input line 10.
LaTeX Font Info:    ... okay on input line 10.
LaTeX Font Info:    Checking defaults for OT1/cmr/m/n on input line 10.
LaTeX Font Info:    ... okay on input line 10.
LaTeX Font Info:    Checking defaults for OMS/cmsy/m/n on input line 10.
LaTeX Font Info:    ... okay on input line 10.
LaTeX Font Info:    Checking defaults for TU/lmr/m/n on input line 10.
LaTeX Font Info:    ... okay on input line 10.
LaTeX Font Info:    Checking defaults for OMX/cmex/m/n on input line 10.
LaTeX Font Info:    ... okay on input line 10.
LaTeX Font Info:    Checking defaults for U/cmr/m/n on input line 10.
LaTeX Font Info:    ... okay on input line 10.
LaTeX Font Info:    Checking defaults for PD1/pdf/m/n on input line 10.
LaTeX Font Info:    ... okay on input line 10.
LaTeX Font Info:    Checking defaults for PU/pdf/m/n on input line 10.
LaTeX Font Info:    ... okay on input line 10.
LaTeX Font Info:    Try loading font information for T1+ptm on input line 10.
 ("C:\Program Files\MiKTeX 2.9\tex\latex\psnfss\t1ptm.fd"
File: t1ptm.fd 2001/06/04 font definitions for T1/ptm.
)
*geometry* detected driver: pdftex
*geometry* verbose mode - [ preamble ] result:
* driver: pdftex
* paper: letterpaper
* layout: <same size as paper>
* layoutoffset:(h,v)=(0.0pt,0.0pt)
* modes: 
* h-part:(L,W,R)=(99.58464pt, 443.57848pt, 71.13188pt)
* v-part:(T,H,B)=(71.13188pt, 652.70622pt, 71.13188pt)
* \paperwidth=614.295pt
* \paperheight=794.96999pt
* \textwidth=443.57848pt
* \textheight=652.70622pt
* \oddsidemargin=27.31465pt
* \evensidemargin=27.31465pt
* \topmargin=-33.0119pt
* \headheight=12.0pt
* \headsep=19.8738pt
* \topskip=12.0pt
* \footskip=30.0pt
* \marginparwidth=47.0pt
* \marginparsep=7.0pt
* \columnsep=10.0pt
* \skip\footins=10.8pt plus 4.0pt minus 2.0pt
* \hoffset=0.0pt
* \voffset=0.0pt
* \mag=1000
* \@twocolumnfalse
* \@twosidefalse
* \@mparswitchfalse
* \@reversemarginfalse
* (1in=72.27pt=25.4mm, 1cm=28.453pt)

LaTeX Info: Redefining \. on input line 10.
LaTeX Info: Redefining \% on input line 10.
LaTeX Info: Redefining \celsius on input line 10.
Package gensymb Info: Faking symbols for \degree and \celsius on input line 10.


Package gensymb Warning: Not defining \perthousand.

LaTeX Info: Redefining \ohm on input line 10.
Package gensymb Info: Using \Omega for \ohm on input line 10.

Package gensymb Warning: Not defining \micro.

\AtBeginShipoutBox=\box80
Package hyperref Info: Link coloring ON on input line 10.
("C:\Program Files\MiKTeX 2.9\tex\latex\hyperref\nameref.sty"
Package: nameref 2016/05/21 v2.44 Cross-referencing by name of section

("C:\Program Files\MiKTeX 2.9\tex\generic\oberdiek\gettitlestring.sty"
Package: gettitlestring 2016/05/16 v1.5 Cleanup title references (HO)
)
\c@section@level=\count347
)
LaTeX Info: Redefining \ref on input line 10.
LaTeX Info: Redefining \pageref on input line 10.
LaTeX Info: Redefining \nameref on input line 10.
\c@lstlisting=\count348
Package caption Info: Begin \AtBeginDocument code.
Package caption Info: subfig package v1.3 is loaded.
Package caption Info: longtable package is loaded.

(C:\Users\Wiche\AppData\Roaming\MiKTeX\2.9\tex\latex\caption\ltcaption.sty
Package: ltcaption 2013/06/09 v1.4-94 longtable captions (AR)
)
Package caption Info: supertabular package is loaded.
Package caption Info: End \AtBeginDocument code.

babelbib: Set bibliography fall-back language to spanish
(C:\Users\Wiche\AppData\Roaming\MiKTeX\2.9\tex\latex\babelbib\spanish.bdf
File: spanish.bdf 2012/01/03 v1.31 babelbib: multilingual bibliographies (HH)

babelbib extension \btxifchangecaseoff added to \extrasspanish
)
babelbib: Load BibTeX extensions \bibsspanish for spanish
babelbib: Set language for keywords in the bibliography fixed to spanish
babelbib: Set language for keywords in the bibliography fixed to spanish
Capítulo 1.
Package babel Info: Redefining spanish shorthand <<
(babel)             in language  on input line 11.
Package babel Info: Redefining spanish shorthand >>
(babel)             in language  on input line 11.
Package babel Info: Redefining spanish shorthand "=
(babel)             in language  on input line 11.
Package babel Info: Redefining spanish shorthand "~
(babel)             in language  on input line 11.
Package babel Info: Redefining spanish shorthand "!
(babel)             in language  on input line 11.
Package babel Info: Redefining spanish shorthand "?
(babel)             in language  on input line 11.
("C:\Program Files\MiKTeX 2.9\tex\generic\oberdiek\se-ascii-print.def"
File: se-ascii-print.def 2016/05/16 v1.11 stringenc: Printable ASCII characters

)
LaTeX Font Info:    Font shape `T1/ptm/bx/n' in size <24.88> not available
(Font)              Font shape `T1/ptm/b/n' tried instead on input line 11.
LaTeX Font Info:    Font shape `T1/ptm/bx/n' in size <17.28> not available
(Font)              Font shape `T1/ptm/b/n' tried instead on input line 14.
Package babel Info: Redefining spanish shorthand <<
(babel)             in language  on input line 14.
Package babel Info: Redefining spanish shorthand >>
(babel)             in language  on input line 14.
Package babel Info: Redefining spanish shorthand "=
(babel)             in language  on input line 14.
Package babel Info: Redefining spanish shorthand "~
(babel)             in language  on input line 14.
Package babel Info: Redefining spanish shorthand "!
(babel)             in language  on input line 14.
Package babel Info: Redefining spanish shorthand "?
(babel)             in language  on input line 14.
LaTeX Font Info:    Try loading font information for U+msa on input line 19.

("C:\Program Files\MiKTeX 2.9\tex\latex\amsfonts\umsa.fd"
File: umsa.fd 2013/01/14 v3.01 AMS symbols A
)
LaTeX Font Info:    Try loading font information for U+msb on input line 19.

("C:\Program Files\MiKTeX 2.9\tex\latex\amsfonts\umsb.fd"
File: umsb.fd 2013/01/14 v3.01 AMS symbols B
)
LaTeX Font Info:    Font shape `T1/ptm/bx/n' in size <12> not available
(Font)              Font shape `T1/ptm/b/n' tried instead on input line 30.


LaTeX Warning: Reference `appendix_python_install' on page 1 undefined on input
 line 30.


Overfull \hbox (18.5462pt too wide) in paragraph at lines 19--32
 [] 
 []

Package babel Info: Redefining spanish shorthand <<
(babel)             in language  on input line 36.
Package babel Info: Redefining spanish shorthand >>
(babel)             in language  on input line 36.
Package babel Info: Redefining spanish shorthand "=
(babel)             in language  on input line 36.
Package babel Info: Redefining spanish shorthand "~
(babel)             in language  on input line 36.
Package babel Info: Redefining spanish shorthand "!
(babel)             in language  on input line 36.
Package babel Info: Redefining spanish shorthand "?
(babel)             in language  on input line 36.
Package babel Info: Redefining spanish shorthand <<
(babel)             in language  on input line 36.
Package babel Info: Redefining spanish shorthand >>
(babel)             in language  on input line 36.
Package babel Info: Redefining spanish shorthand "=
(babel)             in language  on input line 36.
Package babel Info: Redefining spanish shorthand "~
(babel)             in language  on input line 36.
Package babel Info: Redefining spanish shorthand "!
(babel)             in language  on input line 36.
Package babel Info: Redefining spanish shorthand "?
(babel)             in language  on input line 36.
[1

\openout3 = `03_Desarrollo.ist'.


]
LaTeX Info: Redefining \. on input line 47.
LaTeX Info: Redefining \% on input line 47.
Package babel Info: Redefining spanish shorthand <<
(babel)             in language  on input line 47.
Package babel Info: Redefining spanish shorthand >>
(babel)             in language  on input line 47.
Package babel Info: Redefining spanish shorthand "=
(babel)             in language  on input line 47.
Package babel Info: Redefining spanish shorthand "~
(babel)             in language  on input line 47.
Package babel Info: Redefining spanish shorthand "!
(babel)             in language  on input line 47.
Package babel Info: Redefining spanish shorthand "?
(babel)             in language  on input line 47.
Package babel Info: Redefining spanish shorthand <<
(babel)             in language  on input line 47.
Package babel Info: Redefining spanish shorthand >>
(babel)             in language  on input line 47.
Package babel Info: Redefining spanish shorthand "=
(babel)             in language  on input line 47.
Package babel Info: Redefining spanish shorthand "~
(babel)             in language  on input line 47.
Package babel Info: Redefining spanish shorthand "!
(babel)             in language  on input line 47.
Package babel Info: Redefining spanish shorthand "?
(babel)             in language  on input line 47.
 [2]
Package babel Info: Redefining spanish shorthand <<
(babel)             in language  on input line 48.
Package babel Info: Redefining spanish shorthand >>
(babel)             in language  on input line 48.
Package babel Info: Redefining spanish shorthand "=
(babel)             in language  on input line 48.
Package babel Info: Redefining spanish shorthand "~
(babel)             in language  on input line 48.
Package babel Info: Redefining spanish shorthand "!
(babel)             in language  on input line 48.
Package babel Info: Redefining spanish shorthand "?
(babel)             in language  on input line 48.
LaTeX Font Info:    Font shape `T1/ptm/bx/n' in size <14.4> not available
(Font)              Font shape `T1/ptm/b/n' tried instead on input line 52.
Package babel Info: Redefining spanish shorthand <<
(babel)             in language  on input line 52.
Package babel Info: Redefining spanish shorthand >>
(babel)             in language  on input line 52.
Package babel Info: Redefining spanish shorthand "=
(babel)             in language  on input line 52.
Package babel Info: Redefining spanish shorthand "~
(babel)             in language  on input line 52.
Package babel Info: Redefining spanish shorthand "!
(babel)             in language  on input line 52.
Package babel Info: Redefining spanish shorthand "?
(babel)             in language  on input line 52.


LaTeX Warning: Reference `sub:02_experimentos_de_estimulacion' on page 3 undefi
ned on input line 54.

File: ../Imagenes/cap_03_database.png Graphic file (type bmp)
<../Imagenes/cap_03_database.png>
LaTeX Info: Redefining \. on input line 61.
LaTeX Info: Redefining \% on input line 61.
Package babel Info: Redefining spanish shorthand <<
(babel)             in language  on input line 61.
Package babel Info: Redefining spanish shorthand >>
(babel)             in language  on input line 61.
Package babel Info: Redefining spanish shorthand "=
(babel)             in language  on input line 61.
Package babel Info: Redefining spanish shorthand "~
(babel)             in language  on input line 61.
Package babel Info: Redefining spanish shorthand "!
(babel)             in language  on input line 61.
Package babel Info: Redefining spanish shorthand "?
(babel)             in language  on input line 61.
Package babel Info: Redefining spanish shorthand <<
(babel)             in language  on input line 61.
Package babel Info: Redefining spanish shorthand >>
(babel)             in language  on input line 61.
Package babel Info: Redefining spanish shorthand "=
(babel)             in language  on input line 61.
Package babel Info: Redefining spanish shorthand "~
(babel)             in language  on input line 61.
Package babel Info: Redefining spanish shorthand "!
(babel)             in language  on input line 61.
Package babel Info: Redefining spanish shorthand "?
(babel)             in language  on input line 61.
[3]
LaTeX Info: Redefining \. on input line 69.
LaTeX Info: Redefining \% on input line 69.
Package babel Info: Redefining spanish shorthand <<
(babel)             in language  on input line 69.
Package babel Info: Redefining spanish shorthand >>
(babel)             in language  on input line 69.
Package babel Info: Redefining spanish shorthand "=
(babel)             in language  on input line 69.
Package babel Info: Redefining spanish shorthand "~
(babel)             in language  on input line 69.
Package babel Info: Redefining spanish shorthand "!
(babel)             in language  on input line 69.
Package babel Info: Redefining spanish shorthand "?
(babel)             in language  on input line 69.
Package babel Info: Redefining spanish shorthand <<
(babel)             in language  on input line 69.
Package babel Info: Redefining spanish shorthand >>
(babel)             in language  on input line 69.
Package babel Info: Redefining spanish shorthand "=
(babel)             in language  on input line 69.
Package babel Info: Redefining spanish shorthand "~
(babel)             in language  on input line 69.
Package babel Info: Redefining spanish shorthand "!
(babel)             in language  on input line 69.
Package babel Info: Redefining spanish shorthand "?
(babel)             in language  on input line 69.
 [4]
LaTeX Info: Redefining \. on input line 86.
LaTeX Info: Redefining \% on input line 86.
Package babel Info: Redefining spanish shorthand <<
(babel)             in language  on input line 86.
Package babel Info: Redefining spanish shorthand >>
(babel)             in language  on input line 86.
Package babel Info: Redefining spanish shorthand "=
(babel)             in language  on input line 86.
Package babel Info: Redefining spanish shorthand "~
(babel)             in language  on input line 86.
Package babel Info: Redefining spanish shorthand "!
(babel)             in language  on input line 86.
Package babel Info: Redefining spanish shorthand "?
(babel)             in language  on input line 86.
Package babel Info: Redefining spanish shorthand <<
(babel)             in language  on input line 86.
Package babel Info: Redefining spanish shorthand >>
(babel)             in language  on input line 86.
Package babel Info: Redefining spanish shorthand "=
(babel)             in language  on input line 86.
Package babel Info: Redefining spanish shorthand "~
(babel)             in language  on input line 86.
Package babel Info: Redefining spanish shorthand "!
(babel)             in language  on input line 86.
Package babel Info: Redefining spanish shorthand "?
(babel)             in language  on input line 86.
 [5]
LaTeX Info: Redefining \. on input line 90.
LaTeX Info: Redefining \% on input line 90.
Package babel Info: Redefining spanish shorthand <<
(babel)             in language  on input line 90.
Package babel Info: Redefining spanish shorthand >>
(babel)             in language  on input line 90.
Package babel Info: Redefining spanish shorthand "=
(babel)             in language  on input line 90.
Package babel Info: Redefining spanish shorthand "~
(babel)             in language  on input line 90.
Package babel Info: Redefining spanish shorthand "!
(babel)             in language  on input line 90.
Package babel Info: Redefining spanish shorthand "?
(babel)             in language  on input line 90.
Package babel Info: Redefining spanish shorthand <<
(babel)             in language  on input line 90.
Package babel Info: Redefining spanish shorthand >>
(babel)             in language  on input line 90.
Package babel Info: Redefining spanish shorthand "=
(babel)             in language  on input line 90.
Package babel Info: Redefining spanish shorthand "~
(babel)             in language  on input line 90.
Package babel Info: Redefining spanish shorthand "!
(babel)             in language  on input line 90.
Package babel Info: Redefining spanish shorthand "?
(babel)             in language  on input line 90.
 [6]
Package babel Info: Redefining spanish shorthand <<
(babel)             in language  on input line 91.
Package babel Info: Redefining spanish shorthand >>
(babel)             in language  on input line 91.
Package babel Info: Redefining spanish shorthand "=
(babel)             in language  on input line 91.
Package babel Info: Redefining spanish shorthand "~
(babel)             in language  on input line 91.
Package babel Info: Redefining spanish shorthand "!
(babel)             in language  on input line 91.
Package babel Info: Redefining spanish shorthand "?
(babel)             in language  on input line 91.
File: ../Imagenes/cap_03_application_concept.png Graphic file (type bmp)
<../Imagenes/cap_03_application_concept.png>
File: ../Imagenes/cap_03_base_class_tree.png Graphic file (type bmp)
<../Imagenes/cap_03_base_class_tree.png>
LaTeX Info: Redefining \. on input line 108.
LaTeX Info: Redefining \% on input line 108.
Package babel Info: Redefining spanish shorthand <<
(babel)             in language  on input line 108.
Package babel Info: Redefining spanish shorthand >>
(babel)             in language  on input line 108.
Package babel Info: Redefining spanish shorthand "=
(babel)             in language  on input line 108.
Package babel Info: Redefining spanish shorthand "~
(babel)             in language  on input line 108.
Package babel Info: Redefining spanish shorthand "!
(babel)             in language  on input line 108.
Package babel Info: Redefining spanish shorthand "?
(babel)             in language  on input line 108.
Package babel Info: Redefining spanish shorthand <<
(babel)             in language  on input line 108.
Package babel Info: Redefining spanish shorthand >>
(babel)             in language  on input line 108.
Package babel Info: Redefining spanish shorthand "=
(babel)             in language  on input line 108.
Package babel Info: Redefining spanish shorthand "~
(babel)             in language  on input line 108.
Package babel Info: Redefining spanish shorthand "!
(babel)             in language  on input line 108.
Package babel Info: Redefining spanish shorthand "?
(babel)             in language  on input line 108.
 [7]
LaTeX Info: Redefining \. on input line 113.
LaTeX Info: Redefining \% on input line 113.
Package babel Info: Redefining spanish shorthand <<
(babel)             in language  on input line 113.
Package babel Info: Redefining spanish shorthand >>
(babel)             in language  on input line 113.
Package babel Info: Redefining spanish shorthand "=
(babel)             in language  on input line 113.
Package babel Info: Redefining spanish shorthand "~
(babel)             in language  on input line 113.
Package babel Info: Redefining spanish shorthand "!
(babel)             in language  on input line 113.
Package babel Info: Redefining spanish shorthand "?
(babel)             in language  on input line 113.
Package babel Info: Redefining spanish shorthand <<
(babel)             in language  on input line 113.
Package babel Info: Redefining spanish shorthand >>
(babel)             in language  on input line 113.
Package babel Info: Redefining spanish shorthand "=
(babel)             in language  on input line 113.
Package babel Info: Redefining spanish shorthand "~
(babel)             in language  on input line 113.
Package babel Info: Redefining spanish shorthand "!
(babel)             in language  on input line 113.
Package babel Info: Redefining spanish shorthand "?
(babel)             in language  on input line 113.
 [8]
Overfull \hbox (15.01968pt too wide) in alignment at lines 117--148
 [] [] [] 
 []


Underfull \vbox (badness 10000) detected at line 148
 []


Overfull \hbox (15.01968pt too wide) in alignment at lines 148--182
 [] [] [] 
 []

LaTeX Info: Redefining \. on input line 182.
LaTeX Info: Redefining \% on input line 182.
Package babel Info: Redefining spanish shorthand <<
(babel)             in language  on input line 182.
Package babel Info: Redefining spanish shorthand >>
(babel)             in language  on input line 182.
Package babel Info: Redefining spanish shorthand "=
(babel)             in language  on input line 182.
Package babel Info: Redefining spanish shorthand "~
(babel)             in language  on input line 182.
Package babel Info: Redefining spanish shorthand "!
(babel)             in language  on input line 182.
Package babel Info: Redefining spanish shorthand "?
(babel)             in language  on input line 182.
Package babel Info: Redefining spanish shorthand <<
(babel)             in language  on input line 182.
Package babel Info: Redefining spanish shorthand >>
(babel)             in language  on input line 182.
Package babel Info: Redefining spanish shorthand "=
(babel)             in language  on input line 182.
Package babel Info: Redefining spanish shorthand "~
(babel)             in language  on input line 182.
Package babel Info: Redefining spanish shorthand "!
(babel)             in language  on input line 182.
Package babel Info: Redefining spanish shorthand "?
(babel)             in language  on input line 182.
[9]

LaTeX Warning: Reference `appendix_sql_script' on page 10 undefined on input li
ne 204.


Overfull \hbox (15.01968pt too wide) in alignment at lines 190--226
 [] [] [] 
 []


Underfull \vbox (badness 10000) detected at line 226
 []


Overfull \hbox (15.01968pt too wide) in alignment at lines 226--238
 [] [] [] 
 []

LaTeX Info: Redefining \. on input line 238.
LaTeX Info: Redefining \% on input line 238.
Package babel Info: Redefining spanish shorthand <<
(babel)             in language  on input line 238.
Package babel Info: Redefining spanish shorthand >>
(babel)             in language  on input line 238.
Package babel Info: Redefining spanish shorthand "=
(babel)             in language  on input line 238.
Package babel Info: Redefining spanish shorthand "~
(babel)             in language  on input line 238.
Package babel Info: Redefining spanish shorthand "!
(babel)             in language  on input line 238.
Package babel Info: Redefining spanish shorthand "?
(babel)             in language  on input line 238.
Package babel Info: Redefining spanish shorthand <<
(babel)             in language  on input line 238.
Package babel Info: Redefining spanish shorthand >>
(babel)             in language  on input line 238.
Package babel Info: Redefining spanish shorthand "=
(babel)             in language  on input line 238.
Package babel Info: Redefining spanish shorthand "~
(babel)             in language  on input line 238.
Package babel Info: Redefining spanish shorthand "!
(babel)             in language  on input line 238.
Package babel Info: Redefining spanish shorthand "?
(babel)             in language  on input line 238.
[10]
Overfull \hbox (15.01968pt too wide) in alignment at lines 246--282
 [] [] [] 
 []


Underfull \vbox (badness 10000) detected at line 282
 []


Overfull \hbox (15.01968pt too wide) in alignment at lines 282--319
 [] [] [] 
 []


Overfull \hbox (15.01968pt too wide) in alignment at lines 319--348
 [] [] [] 
 []

LaTeX Info: Redefining \. on input line 348.
LaTeX Info: Redefining \% on input line 348.
Package babel Info: Redefining spanish shorthand <<
(babel)             in language  on input line 348.
Package babel Info: Redefining spanish shorthand >>
(babel)             in language  on input line 348.
Package babel Info: Redefining spanish shorthand "=
(babel)             in language  on input line 348.
Package babel Info: Redefining spanish shorthand "~
(babel)             in language  on input line 348.
Package babel Info: Redefining spanish shorthand "!
(babel)             in language  on input line 348.
Package babel Info: Redefining spanish shorthand "?
(babel)             in language  on input line 348.
Package babel Info: Redefining spanish shorthand <<
(babel)             in language  on input line 348.
Package babel Info: Redefining spanish shorthand >>
(babel)             in language  on input line 348.
Package babel Info: Redefining spanish shorthand "=
(babel)             in language  on input line 348.
Package babel Info: Redefining spanish shorthand "~
(babel)             in language  on input line 348.
Package babel Info: Redefining spanish shorthand "!
(babel)             in language  on input line 348.
Package babel Info: Redefining spanish shorthand "?
(babel)             in language  on input line 348.
[11]
LaTeX Info: Redefining \. on input line 348.
LaTeX Info: Redefining \% on input line 348.
Package babel Info: Redefining spanish shorthand <<
(babel)             in language  on input line 348.
Package babel Info: Redefining spanish shorthand >>
(babel)             in language  on input line 348.
Package babel Info: Redefining spanish shorthand "=
(babel)             in language  on input line 348.
Package babel Info: Redefining spanish shorthand "~
(babel)             in language  on input line 348.
Package babel Info: Redefining spanish shorthand "!
(babel)             in language  on input line 348.
Package babel Info: Redefining spanish shorthand "?
(babel)             in language  on input line 348.
Package babel Info: Redefining spanish shorthand <<
(babel)             in language  on input line 348.
Package babel Info: Redefining spanish shorthand >>
(babel)             in language  on input line 348.
Package babel Info: Redefining spanish shorthand "=
(babel)             in language  on input line 348.
Package babel Info: Redefining spanish shorthand "~
(babel)             in language  on input line 348.
Package babel Info: Redefining spanish shorthand "!
(babel)             in language  on input line 348.
Package babel Info: Redefining spanish shorthand "?
(babel)             in language  on input line 348.
 [12]
Overfull \hbox (15.01968pt too wide) in alignment at lines 356--392
 [] [] [] 
 []


Underfull \vbox (badness 10000) detected at line 392
 []


Overfull \hbox (15.01968pt too wide) in alignment at lines 392--429
 [] [] [] 
 []


Overfull \hbox (15.01968pt too wide) in alignment at lines 429--441
 [] [] [] 
 []

LaTeX Info: Redefining \. on input line 441.
LaTeX Info: Redefining \% on input line 441.
Package babel Info: Redefining spanish shorthand <<
(babel)             in language  on input line 441.
Package babel Info: Redefining spanish shorthand >>
(babel)             in language  on input line 441.
Package babel Info: Redefining spanish shorthand "=
(babel)             in language  on input line 441.
Package babel Info: Redefining spanish shorthand "~
(babel)             in language  on input line 441.
Package babel Info: Redefining spanish shorthand "!
(babel)             in language  on input line 441.
Package babel Info: Redefining spanish shorthand "?
(babel)             in language  on input line 441.
Package babel Info: Redefining spanish shorthand <<
(babel)             in language  on input line 441.
Package babel Info: Redefining spanish shorthand >>
(babel)             in language  on input line 441.
Package babel Info: Redefining spanish shorthand "=
(babel)             in language  on input line 441.
Package babel Info: Redefining spanish shorthand "~
(babel)             in language  on input line 441.
Package babel Info: Redefining spanish shorthand "!
(babel)             in language  on input line 441.
Package babel Info: Redefining spanish shorthand "?
(babel)             in language  on input line 441.
[13]
LaTeX Info: Redefining \. on input line 444.
LaTeX Info: Redefining \% on input line 444.
Package babel Info: Redefining spanish shorthand <<
(babel)             in language  on input line 444.
Package babel Info: Redefining spanish shorthand >>
(babel)             in language  on input line 444.
Package babel Info: Redefining spanish shorthand "=
(babel)             in language  on input line 444.
Package babel Info: Redefining spanish shorthand "~
(babel)             in language  on input line 444.
Package babel Info: Redefining spanish shorthand "!
(babel)             in language  on input line 444.
Package babel Info: Redefining spanish shorthand "?
(babel)             in language  on input line 444.
Package babel Info: Redefining spanish shorthand <<
(babel)             in language  on input line 444.
Package babel Info: Redefining spanish shorthand >>
(babel)             in language  on input line 444.
Package babel Info: Redefining spanish shorthand "=
(babel)             in language  on input line 444.
Package babel Info: Redefining spanish shorthand "~
(babel)             in language  on input line 444.
Package babel Info: Redefining spanish shorthand "!
(babel)             in language  on input line 444.
Package babel Info: Redefining spanish shorthand "?
(babel)             in language  on input line 444.
 [14]
Overfull \hbox (15.01968pt too wide) in alignment at lines 449--481
 [] [] [] 
 []


Underfull \vbox (badness 10000) detected at line 481
 []


Overfull \hbox (15.01968pt too wide) in alignment at lines 481--512
 [] [] [] 
 []


Overfull \hbox (15.01968pt too wide) in alignment at lines 512--544
 [] [] [] 
 []

LaTeX Info: Redefining \. on input line 544.
LaTeX Info: Redefining \% on input line 544.
Package babel Info: Redefining spanish shorthand <<
(babel)             in language  on input line 544.
Package babel Info: Redefining spanish shorthand >>
(babel)             in language  on input line 544.
Package babel Info: Redefining spanish shorthand "=
(babel)             in language  on input line 544.
Package babel Info: Redefining spanish shorthand "~
(babel)             in language  on input line 544.
Package babel Info: Redefining spanish shorthand "!
(babel)             in language  on input line 544.
Package babel Info: Redefining spanish shorthand "?
(babel)             in language  on input line 544.
Package babel Info: Redefining spanish shorthand <<
(babel)             in language  on input line 544.
Package babel Info: Redefining spanish shorthand >>
(babel)             in language  on input line 544.
Package babel Info: Redefining spanish shorthand "=
(babel)             in language  on input line 544.
Package babel Info: Redefining spanish shorthand "~
(babel)             in language  on input line 544.
Package babel Info: Redefining spanish shorthand "!
(babel)             in language  on input line 544.
Package babel Info: Redefining spanish shorthand "?
(babel)             in language  on input line 544.
[15]
LaTeX Info: Redefining \. on input line 547.
LaTeX Info: Redefining \% on input line 547.
Package babel Info: Redefining spanish shorthand <<
(babel)             in language  on input line 547.
Package babel Info: Redefining spanish shorthand >>
(babel)             in language  on input line 547.
Package babel Info: Redefining spanish shorthand "=
(babel)             in language  on input line 547.
Package babel Info: Redefining spanish shorthand "~
(babel)             in language  on input line 547.
Package babel Info: Redefining spanish shorthand "!
(babel)             in language  on input line 547.
Package babel Info: Redefining spanish shorthand "?
(babel)             in language  on input line 547.
Package babel Info: Redefining spanish shorthand <<
(babel)             in language  on input line 547.
Package babel Info: Redefining spanish shorthand >>
(babel)             in language  on input line 547.
Package babel Info: Redefining spanish shorthand "=
(babel)             in language  on input line 547.
Package babel Info: Redefining spanish shorthand "~
(babel)             in language  on input line 547.
Package babel Info: Redefining spanish shorthand "!
(babel)             in language  on input line 547.
Package babel Info: Redefining spanish shorthand "?
(babel)             in language  on input line 547.
 [16]
Overfull \hbox (15.01968pt too wide) in alignment at lines 552--584
 [] [] [] 
 []


Underfull \vbox (badness 10000) detected at line 584
 []


Overfull \hbox (15.01968pt too wide) in alignment at lines 584--615
 [] [] [] 
 []


Overfull \hbox (15.01968pt too wide) in alignment at lines 615--648
 [] [] [] 
 []

LaTeX Info: Redefining \. on input line 648.
LaTeX Info: Redefining \% on input line 648.
Package babel Info: Redefining spanish shorthand <<
(babel)             in language  on input line 648.
Package babel Info: Redefining spanish shorthand >>
(babel)             in language  on input line 648.
Package babel Info: Redefining spanish shorthand "=
(babel)             in language  on input line 648.
Package babel Info: Redefining spanish shorthand "~
(babel)             in language  on input line 648.
Package babel Info: Redefining spanish shorthand "!
(babel)             in language  on input line 648.
Package babel Info: Redefining spanish shorthand "?
(babel)             in language  on input line 648.
Package babel Info: Redefining spanish shorthand <<
(babel)             in language  on input line 648.
Package babel Info: Redefining spanish shorthand >>
(babel)             in language  on input line 648.
Package babel Info: Redefining spanish shorthand "=
(babel)             in language  on input line 648.
Package babel Info: Redefining spanish shorthand "~
(babel)             in language  on input line 648.
Package babel Info: Redefining spanish shorthand "!
(babel)             in language  on input line 648.
Package babel Info: Redefining spanish shorthand "?
(babel)             in language  on input line 648.
[17]
Overfull \hbox (15.01968pt too wide) in alignment at lines 648--651
 [] [] [] 
 []

LaTeX Info: Redefining \. on input line 651.
LaTeX Info: Redefining \% on input line 651.
Package babel Info: Redefining spanish shorthand <<
(babel)             in language  on input line 651.
Package babel Info: Redefining spanish shorthand >>
(babel)             in language  on input line 651.
Package babel Info: Redefining spanish shorthand "=
(babel)             in language  on input line 651.
Package babel Info: Redefining spanish shorthand "~
(babel)             in language  on input line 651.
Package babel Info: Redefining spanish shorthand "!
(babel)             in language  on input line 651.
Package babel Info: Redefining spanish shorthand "?
(babel)             in language  on input line 651.
Package babel Info: Redefining spanish shorthand <<
(babel)             in language  on input line 651.
Package babel Info: Redefining spanish shorthand >>
(babel)             in language  on input line 651.
Package babel Info: Redefining spanish shorthand "=
(babel)             in language  on input line 651.
Package babel Info: Redefining spanish shorthand "~
(babel)             in language  on input line 651.
Package babel Info: Redefining spanish shorthand "!
(babel)             in language  on input line 651.
Package babel Info: Redefining spanish shorthand "?
(babel)             in language  on input line 651.
[18]
Overfull \hbox (15.01968pt too wide) in alignment at lines 659--689
 [] [] [] 
 []


Underfull \vbox (badness 10000) detected at line 689
 []


Overfull \hbox (15.01968pt too wide) in alignment at lines 689--718
 [] [] [] 
 []


Overfull \hbox (15.01968pt too wide) in alignment at lines 718--753
 [] [] [] 
 []

LaTeX Info: Redefining \. on input line 753.
LaTeX Info: Redefining \% on input line 753.
Package babel Info: Redefining spanish shorthand <<
(babel)             in language  on input line 753.
Package babel Info: Redefining spanish shorthand >>
(babel)             in language  on input line 753.
Package babel Info: Redefining spanish shorthand "=
(babel)             in language  on input line 753.
Package babel Info: Redefining spanish shorthand "~
(babel)             in language  on input line 753.
Package babel Info: Redefining spanish shorthand "!
(babel)             in language  on input line 753.
Package babel Info: Redefining spanish shorthand "?
(babel)             in language  on input line 753.
Package babel Info: Redefining spanish shorthand <<
(babel)             in language  on input line 753.
Package babel Info: Redefining spanish shorthand >>
(babel)             in language  on input line 753.
Package babel Info: Redefining spanish shorthand "=
(babel)             in language  on input line 753.
Package babel Info: Redefining spanish shorthand "~
(babel)             in language  on input line 753.
Package babel Info: Redefining spanish shorthand "!
(babel)             in language  on input line 753.
Package babel Info: Redefining spanish shorthand "?
(babel)             in language  on input line 753.
[19]
LaTeX Info: Redefining \. on input line 753.
LaTeX Info: Redefining \% on input line 753.
Package babel Info: Redefining spanish shorthand <<
(babel)             in language  on input line 753.
Package babel Info: Redefining spanish shorthand >>
(babel)             in language  on input line 753.
Package babel Info: Redefining spanish shorthand "=
(babel)             in language  on input line 753.
Package babel Info: Redefining spanish shorthand "~
(babel)             in language  on input line 753.
Package babel Info: Redefining spanish shorthand "!
(babel)             in language  on input line 753.
Package babel Info: Redefining spanish shorthand "?
(babel)             in language  on input line 753.
Package babel Info: Redefining spanish shorthand <<
(babel)             in language  on input line 753.
Package babel Info: Redefining spanish shorthand >>
(babel)             in language  on input line 753.
Package babel Info: Redefining spanish shorthand "=
(babel)             in language  on input line 753.
Package babel Info: Redefining spanish shorthand "~
(babel)             in language  on input line 753.
Package babel Info: Redefining spanish shorthand "!
(babel)             in language  on input line 753.
Package babel Info: Redefining spanish shorthand "?
(babel)             in language  on input line 753.
 [20]
Overfull \hbox (15.01968pt too wide) in alignment at lines 761--798
 [] [] [] 
 []


Underfull \vbox (badness 10000) detected at line 798
 []


Overfull \hbox (15.01968pt too wide) in alignment at lines 798--834
 [] [] [] 
 []

LaTeX Info: Redefining \. on input line 834.
LaTeX Info: Redefining \% on input line 834.
Package babel Info: Redefining spanish shorthand <<
(babel)             in language  on input line 834.
Package babel Info: Redefining spanish shorthand >>
(babel)             in language  on input line 834.
Package babel Info: Redefining spanish shorthand "=
(babel)             in language  on input line 834.
Package babel Info: Redefining spanish shorthand "~
(babel)             in language  on input line 834.
Package babel Info: Redefining spanish shorthand "!
(babel)             in language  on input line 834.
Package babel Info: Redefining spanish shorthand "?
(babel)             in language  on input line 834.
Package babel Info: Redefining spanish shorthand <<
(babel)             in language  on input line 834.
Package babel Info: Redefining spanish shorthand >>
(babel)             in language  on input line 834.
Package babel Info: Redefining spanish shorthand "=
(babel)             in language  on input line 834.
Package babel Info: Redefining spanish shorthand "~
(babel)             in language  on input line 834.
Package babel Info: Redefining spanish shorthand "!
(babel)             in language  on input line 834.
Package babel Info: Redefining spanish shorthand "?
(babel)             in language  on input line 834.
[21]
Overfull \hbox (15.01968pt too wide) in alignment at lines 834--857
 [] [] [] 
 []

LaTeX Info: Redefining \. on input line 857.
LaTeX Info: Redefining \% on input line 857.
Package babel Info: Redefining spanish shorthand <<
(babel)             in language  on input line 857.
Package babel Info: Redefining spanish shorthand >>
(babel)             in language  on input line 857.
Package babel Info: Redefining spanish shorthand "=
(babel)             in language  on input line 857.
Package babel Info: Redefining spanish shorthand "~
(babel)             in language  on input line 857.
Package babel Info: Redefining spanish shorthand "!
(babel)             in language  on input line 857.
Package babel Info: Redefining spanish shorthand "?
(babel)             in language  on input line 857.
Package babel Info: Redefining spanish shorthand <<
(babel)             in language  on input line 857.
Package babel Info: Redefining spanish shorthand >>
(babel)             in language  on input line 857.
Package babel Info: Redefining spanish shorthand "=
(babel)             in language  on input line 857.
Package babel Info: Redefining spanish shorthand "~
(babel)             in language  on input line 857.
Package babel Info: Redefining spanish shorthand "!
(babel)             in language  on input line 857.
Package babel Info: Redefining spanish shorthand "?
(babel)             in language  on input line 857.
[22]
Overfull \hbox (15.01968pt too wide) in alignment at lines 865--900
 [] [] [] 
 []


Underfull \vbox (badness 10000) detected at line 900
 []


Overfull \hbox (15.01968pt too wide) in alignment at lines 900--907
 [] [] [] 
 []

LaTeX Info: Redefining \. on input line 907.
LaTeX Info: Redefining \% on input line 907.
Package babel Info: Redefining spanish shorthand <<
(babel)             in language  on input line 907.
Package babel Info: Redefining spanish shorthand >>
(babel)             in language  on input line 907.
Package babel Info: Redefining spanish shorthand "=
(babel)             in language  on input line 907.
Package babel Info: Redefining spanish shorthand "~
(babel)             in language  on input line 907.
Package babel Info: Redefining spanish shorthand "!
(babel)             in language  on input line 907.
Package babel Info: Redefining spanish shorthand "?
(babel)             in language  on input line 907.
Package babel Info: Redefining spanish shorthand <<
(babel)             in language  on input line 907.
Package babel Info: Redefining spanish shorthand >>
(babel)             in language  on input line 907.
Package babel Info: Redefining spanish shorthand "=
(babel)             in language  on input line 907.
Package babel Info: Redefining spanish shorthand "~
(babel)             in language  on input line 907.
Package babel Info: Redefining spanish shorthand "!
(babel)             in language  on input line 907.
Package babel Info: Redefining spanish shorthand "?
(babel)             in language  on input line 907.
[23]
Overfull \hbox (7.80424pt too wide) in paragraph at lines 921--921
 \T1/ptm/m/n/12 exp_cfg_dict.|
 []


Overfull \hbox (15.01968pt too wide) in alignment at lines 915--936
 [] [] [] 
 []


Underfull \vbox (badness 10000) detected at line 936
 []

LaTeX Info: Redefining \. on input line 936.
LaTeX Info: Redefining \% on input line 936.
Package babel Info: Redefining spanish shorthand <<
(babel)             in language  on input line 936.
Package babel Info: Redefining spanish shorthand >>
(babel)             in language  on input line 936.
Package babel Info: Redefining spanish shorthand "=
(babel)             in language  on input line 936.
Package babel Info: Redefining spanish shorthand "~
(babel)             in language  on input line 936.
Package babel Info: Redefining spanish shorthand "!
(babel)             in language  on input line 936.
Package babel Info: Redefining spanish shorthand "?
(babel)             in language  on input line 936.
Package babel Info: Redefining spanish shorthand <<
(babel)             in language  on input line 936.
Package babel Info: Redefining spanish shorthand >>
(babel)             in language  on input line 936.
Package babel Info: Redefining spanish shorthand "=
(babel)             in language  on input line 936.
Package babel Info: Redefining spanish shorthand "~
(babel)             in language  on input line 936.
Package babel Info: Redefining spanish shorthand "!
(babel)             in language  on input line 936.
Package babel Info: Redefining spanish shorthand "?
(babel)             in language  on input line 936.
[24]
LaTeX Info: Redefining \. on input line 941.
LaTeX Info: Redefining \% on input line 941.
Package babel Info: Redefining spanish shorthand <<
(babel)             in language  on input line 941.
Package babel Info: Redefining spanish shorthand >>
(babel)             in language  on input line 941.
Package babel Info: Redefining spanish shorthand "=
(babel)             in language  on input line 941.
Package babel Info: Redefining spanish shorthand "~
(babel)             in language  on input line 941.
Package babel Info: Redefining spanish shorthand "!
(babel)             in language  on input line 941.
Package babel Info: Redefining spanish shorthand "?
(babel)             in language  on input line 941.
Package babel Info: Redefining spanish shorthand <<
(babel)             in language  on input line 941.
Package babel Info: Redefining spanish shorthand >>
(babel)             in language  on input line 941.
Package babel Info: Redefining spanish shorthand "=
(babel)             in language  on input line 941.
Package babel Info: Redefining spanish shorthand "~
(babel)             in language  on input line 941.
Package babel Info: Redefining spanish shorthand "!
(babel)             in language  on input line 941.
Package babel Info: Redefining spanish shorthand "?
(babel)             in language  on input line 941.
 [25]
Package babel Info: Redefining spanish shorthand <<
(babel)             in language  on input line 942.
Package babel Info: Redefining spanish shorthand >>
(babel)             in language  on input line 942.
Package babel Info: Redefining spanish shorthand "=
(babel)             in language  on input line 942.
Package babel Info: Redefining spanish shorthand "~
(babel)             in language  on input line 942.
Package babel Info: Redefining spanish shorthand "!
(babel)             in language  on input line 942.
Package babel Info: Redefining spanish shorthand "?
(babel)             in language  on input line 942.


Package glossaries Warning: No \printglossary or \printglossaries found. 
(Remove \makeglossaries if you don't want any glossaries.) 
This document will not have a glossary.

Package atveryend Info: Empty hook `BeforeClearDocument' on input line 946.
LaTeX Info: Redefining \. on input line 946.
LaTeX Info: Redefining \% on input line 946.
Package babel Info: Redefining spanish shorthand <<
(babel)             in language  on input line 946.
Package babel Info: Redefining spanish shorthand >>
(babel)             in language  on input line 946.
Package babel Info: Redefining spanish shorthand "=
(babel)             in language  on input line 946.
Package babel Info: Redefining spanish shorthand "~
(babel)             in language  on input line 946.
Package babel Info: Redefining spanish shorthand "!
(babel)             in language  on input line 946.
Package babel Info: Redefining spanish shorthand "?
(babel)             in language  on input line 946.
Package babel Info: Redefining spanish shorthand <<
(babel)             in language  on input line 946.
Package babel Info: Redefining spanish shorthand >>
(babel)             in language  on input line 946.
Package babel Info: Redefining spanish shorthand "=
(babel)             in language  on input line 946.
Package babel Info: Redefining spanish shorthand "~
(babel)             in language  on input line 946.
Package babel Info: Redefining spanish shorthand "!
(babel)             in language  on input line 946.
Package babel Info: Redefining spanish shorthand "?
(babel)             in language  on input line 946.
[26]
Package atveryend Info: Empty hook `AfterLastShipout' on input line 946.
 (03_Desarrollo.aux
LaTeX Info: Redefining \. on input line 30.
LaTeX Info: Redefining \% on input line 30.
)
Package atveryend Info: Empty hook `AtVeryEndDocument' on input line 946.
Package atveryend Info: Empty hook `AtEndAfterFileList' on input line 946.


LaTeX Warning: There were undefined references.


LaTeX Warning: Label(s) may have changed. Rerun to get cross-references right.

 ) 
Here is how much of TeX's memory you used:
 29178 strings out of 427839
 491270 string characters out of 3152538
 646793 words of memory out of 3000000
 32808 multiletter control sequences out of 15000+200000
 553631 words of font info for 53 fonts, out of 3000000 for 9000
 1328 hyphenation exceptions out of 8191
 57i,15n,84p,10472b,683s stack positions out of 5000i,500n,10000p,200000b,50000s

Output written on 03_Desarrollo.pdf (26 pages).
